c:\users\henryliang\desktop\otsumultithreshold\otsumultithreshold\x64\debug\otsumultithreshold.pch
c:\users\henryliang\desktop\otsumultithreshold\otsumultithreshold\x64\debug\vc140.pdb
c:\users\henryliang\desktop\otsumultithreshold\otsumultithreshold\x64\debug\vc140.idb
c:\users\henryliang\desktop\otsumultithreshold\otsumultithreshold\x64\debug\stdafx.obj
c:\users\henryliang\desktop\otsumultithreshold\otsumultithreshold\x64\debug\otsumultithreshold.obj
c:\users\henry\documents\multithreshold\otsumultithreshold\x64\debug\otsumultithreshold.pch
c:\users\henry\documents\multithreshold\otsumultithreshold\x64\debug\vc140.pdb
c:\users\henry\documents\multithreshold\otsumultithreshold\x64\debug\vc140.idb
c:\users\henry\documents\multithreshold\otsumultithreshold\x64\debug\stdafx.obj
c:\users\henry\documents\multithreshold\otsumultithreshold\x64\debug\otsumultithreshold.obj
c:\users\henryliang\desktop\otsumultithreshold\x64\debug\otsumultithreshold.ilk
c:\users\henryliang\desktop\otsumultithreshold\x64\debug\otsumultithreshold.exe
c:\users\henryliang\desktop\otsumultithreshold\x64\debug\otsumultithreshold.pdb
c:\users\henry\documents\multithreshold\x64\debug\otsumultithreshold.ilk
c:\users\henry\documents\multithreshold\x64\debug\otsumultithreshold.exe
c:\users\henry\documents\multithreshold\x64\debug\otsumultithreshold.pdb
c:\users\henry\documents\multithreshold\otsumultithreshold\x64\debug\otsumult.42557189.tlog\cl.command.1.tlog
c:\users\henry\documents\multithreshold\otsumultithreshold\x64\debug\otsumult.42557189.tlog\cl.read.1.tlog
c:\users\henry\documents\multithreshold\otsumultithreshold\x64\debug\otsumult.42557189.tlog\cl.write.1.tlog
c:\users\henry\documents\multithreshold\otsumultithreshold\x64\debug\otsumult.42557189.tlog\link.command.1.tlog
c:\users\henry\documents\multithreshold\otsumultithreshold\x64\debug\otsumult.42557189.tlog\link.read.1.tlog
c:\users\henry\documents\multithreshold\otsumultithreshold\x64\debug\otsumult.42557189.tlog\link.write.1.tlog
